<?xml version="1.0" encoding="UTF-8"?>
<!-- Generated by org.testng.reporters.JUnitXMLReporter -->
<testsuite hostname="CSLH1613" ignored="0" name="Default test" tests="4" failures="0" timestamp="2020-09-30T15:41:46 IST" time="44.158" errors="0">
  <testcase name="googleDroom" time="3.805" classname="testCases.CheckOutCycle"/>
  <testcase name="moveToCycles" time="6.583" classname="testCases.CheckOutCycle"/>
  <testcase name="selectCycle" time="4.206" classname="testCases.CheckOutCycle"/>
  <testcase name="checkOutCycle" time="15.084" classname="testCases.CheckOutCycle"/>
</testsuite> <!-- Default test -->
